<?xml version="1.0" encoding="UTF-8"?>
<!-- Generated by org.testng.reporters.JUnitReportReporter -->
<testsuite skipped="0" hostname="DESKTOP-KIR481R" name="scripts.addUserScript" tests="1" failures="0" timestamp="2022-10-17T10:40:15 IST" time="19.775" errors="0">
  <testcase name="addUsercript" time="19.775" classname="scripts.addUserScript"/>
  <system-out/>
</testsuite> <!-- scripts.addUserScript -->
