<?xml version="1.0" encoding="UTF-8"?>
<!-- Generated by org.testng.reporters.JUnitReportReporter -->
<testsuite skipped="0" hostname="DESKTOP-KIR481R" name="scripts.addUserScript" tests="1" failures="0" timestamp="2022-11-01T16:55:58 IST" time="23.048" errors="0">
  <testcase name="addUsercript" time="23.048" classname="scripts.addUserScript"/>
  <system-out/>
</testsuite> <!-- scripts.addUserScript -->
