<?xml version="1.0" encoding="UTF-8"?>
<!-- Generated by org.testng.reporters.JUnitReportReporter -->
<testsuite skipped="0" hostname="DESKTOP-KIR481R" name="scripts.actiLoginScript_TC1" tests="1" failures="0" timestamp="2022-11-02T12:39:25 IST" time="18.853" errors="0">
  <testcase name="actiLoginscript" time="18.853" classname="scripts.actiLoginScript_TC1"/>
  <system-out/>
</testsuite> <!-- scripts.actiLoginScript_TC1 -->
