<?xml version="1.0" encoding="UTF-8"?>
<!-- Generated by org.testng.reporters.JUnitReportReporter -->
<testsuite skipped="0" hostname="DESKTOP-KIR481R" name="scripts.addUserScript" tests="1" failures="0" timestamp="2022-10-02T13:40:56 IST" time="17.961" errors="0">
  <testcase name="addUsercript" time="17.961" classname="scripts.addUserScript"/>
  <system-out/>
</testsuite> <!-- scripts.addUserScript -->
