<?xml version="1.0" encoding="UTF-8"?>
<!-- Generated by org.testng.reporters.JUnitReportReporter -->
<testsuite skipped="0" hostname="DESKTOP-KIR481R" name="scripts.actiLoginScript" tests="1" failures="0" timestamp="2022-10-17T10:40:15 IST" time="17.611" errors="0">
  <testcase name="actiLoginscript" time="17.611" classname="scripts.actiLoginScript"/>
  <system-out/>
</testsuite> <!-- scripts.actiLoginScript -->
