<?xml version="1.0" encoding="UTF-8"?>
<!-- Generated by org.testng.reporters.JUnitReportReporter -->
<testsuite skipped="0" hostname="DESKTOP-KIR481R" name="scripts.addUserScript_TC2" tests="1" failures="0" timestamp="2022-11-02T12:39:25 IST" time="18.693" errors="0">
  <testcase name="addUsercript" time="18.693" classname="scripts.addUserScript_TC2"/>
  <system-out/>
</testsuite> <!-- scripts.addUserScript_TC2 -->
